Build started 5/5/2015 1:03:55 PM.
     1>Project "Z:\Tmp~1\First\First.vcxproj" on node 2 (build target(s)).
     1>InitializeBuildStatus:
         Creating "Debug\First.unsuccessfulbuild" because "AlwaysCreate" was specified.
       ClCompile:
         c:\Program Files (x86)\Microsoft Visual Studio 10.0\VC\bin\CL.exe /c /ZI /nologo /W3 /WX- /Od /Oy- /D WIN32 /D _DEBUG /D _CONSOLE /D _UNICODE /D UNICODE /Gm /EHsc /RTC1 /MDd /GS /fp:precise /Zc:wchar_t /Zc:forScope /openmp /Fo"Debug\\" /Fd"Debug\vc100.pdb" /Gd /TP /analyze- /errorReport:prompt first.cpp
         first.cpp
       ManifestResourceCompile:
         C:\Program Files (x86)\Microsoft SDKs\Windows\v7.0A\bin\rc.exe /nologo /fo"Debug\First.exe.embed.manifest.res" Debug\First_manifest.rc 
       Link:
         c:\Program Files (x86)\Microsoft Visual Studio 10.0\VC\bin\link.exe /ERRORREPORT:PROMPT /OUT:"Z:\Tmp~1\First\Debug\First.exe" /INCREMENTAL /NOLOGO OpenCL32.lib kernel32.lib user32.lib gdi32.lib winspool.lib comdlg32.lib advapi32.lib shell32.lib ole32.lib oleaut32.lib uuid.lib odbc32.lib odbccp32.lib /MANIFEST /ManifestFile:"Debug\First.exe.intermediate.manifest" /MANIFESTUAC:"level='asInvoker' uiAccess='false'" /DEBUG /PDB:"Z:\Tmp~1\First\Debug\First.pdb" /SUBSYSTEM:CONSOLE /TLBID:1 /DYNAMICBASE /NXCOMPAT /IMPLIB:"Z:\Tmp~1\First\Debug\First.lib" /MACHINE:X86 Debug\First.exe.embed.manifest.res
         Debug\first.obj
       Manifest:
         C:\Program Files (x86)\Microsoft SDKs\Windows\v7.0A\bin\mt.exe /nologo /verbose /out:"Debug\First.exe.embed.manifest" /manifest Debug\First.exe.intermediate.manifest
         C:\Program Files (x86)\Microsoft SDKs\Windows\v7.0A\bin\rc.exe /nologo /fo"Debug\First.exe.embed.manifest.res" Debug\First_manifest.rc 
       LinkEmbedManifest:
         c:\Program Files (x86)\Microsoft Visual Studio 10.0\VC\bin\link.exe /ERRORREPORT:PROMPT /OUT:"Z:\Tmp~1\First\Debug\First.exe" /INCREMENTAL /NOLOGO OpenCL32.lib kernel32.lib user32.lib gdi32.lib winspool.lib comdlg32.lib advapi32.lib shell32.lib ole32.lib oleaut32.lib uuid.lib odbc32.lib odbccp32.lib /MANIFEST /ManifestFile:"Debug\First.exe.intermediate.manifest" /MANIFESTUAC:"level='asInvoker' uiAccess='false'" /DEBUG /PDB:"Z:\Tmp~1\First\Debug\First.pdb" /SUBSYSTEM:CONSOLE /TLBID:1 /DYNAMICBASE /NXCOMPAT /IMPLIB:"Z:\Tmp~1\First\Debug\First.lib" /MACHINE:X86 Debug\First.exe.embed.manifest.res
         Debug\first.obj
         First.vcxproj -> Z:\Tmp~1\First\Debug\First.exe
       FinalizeBuildStatus:
         Deleting file "Debug\First.unsuccessfulbuild".
         Touching "Debug\First.lastbuildstate".
     1>Done Building Project "Z:\Tmp~1\First\First.vcxproj" (build target(s)).

Build succeeded.

Time Elapsed 00:00:04.17
